<?xml version="1.0" encoding="UTF-8"?>
<!-- Generated by org.testng.reporters.JUnitXMLReporter -->
<testsuite ignored="0" hostname="Nakushas-MacBook-Air.local" failures="1" tests="1" name="ChromeTest" time="1.598" errors="0" timestamp="2025-08-23T13:04:20 IST">
  <testcase classname="com.orangehrm.runnerscripts.TestRunner" name="testcase" time="0.0">
    <failure type="java.lang.RuntimeException" message="java.io.FileNotFoundException: HRM/src/test/resources/ExcelData/EmployeeCreationData.xlsx (No such file or directory)">
      <![CDATA[java.lang.RuntimeException: java.io.FileNotFoundException: HRM/src/test/resources/ExcelData/EmployeeCreationData.xlsx (No such file or directory)
at java.base/java.util.ArrayList.forEach(ArrayList.java:1596)
Caused by: java.io.FileNotFoundException: HRM/src/test/resources/ExcelData/EmployeeCreationData.xlsx (No such file or directory)
at java.base/java.io.FileInputStream.open0(Native Method)
at java.base/java.io.FileInputStream.open(FileInputStream.java:213)
at java.base/java.io.FileInputStream.<init>(FileInputStream.java:152)
at java.base/java.io.FileInputStream.<init>(FileInputStream.java:106)
at com.orangehrm.utilities.ReadExcel.ReadExcelData(ReadExcel.java:17)
... 25 more
... Removed 30 stack frames]]>
    </failure>
  </testcase> <!-- testcase -->
</testsuite> <!-- ChromeTest -->
