<?xml version="1.0" encoding="UTF-8"?>
<!-- Generated by org.testng.reporters.JUnitXMLReporter -->
<testsuite ignored="2" hostname="MacBookAir.mshome.net" failures="0" tests="6" name="TestRunner-Chrome" time="43.161" errors="0" timestamp="2026-02-24T15:17:13 IST">
  <testcase classname="com.comcast.crm.contacttest.pom.CreateContactTest" name="createContactWithOrgTest" time="5.124"/>
  <testcase classname="com.comcast.crm.contacttest.pom.CreateContactTest" name="createContactWithsupportDateTest" time="4.062"/>
  <testcase classname="com.comcast.crm.contacttest.pom.CreateContactTest" name="createOrganiztaionTest" time="3.165"/>
  <testcase classname="com.comcast.crm.orgtest.pom.CreateOrganizationTest" name="CreateOrgwithPhoneNumber1Test" time="6.782"/>
  <testcase classname="com.comcast.crm.orgtest.pom.CreateOrganizationTest" name="createOrganizationWithIndustryTest" time="4.631"/>
  <testcase classname="com.comcast.crm.orgtest.pom.CreateOrganizationTest" name="createOrganiztaionTest" time="2.792"/>
  <testcase classname="com.comcast.crm.basetest.BaseClass" name="@BeforeSuite configBS" time="0.0">
    <ignored/>
  </testcase> <!-- @BeforeSuite configBS -->
  <testcase classname="com.comcast.crm.basetest.BaseClass" name="@AfterSuite configAS" time="0.0">
    <ignored/>
  </testcase> <!-- @AfterSuite configAS -->
</testsuite> <!-- TestRunner-Chrome -->
