<?xml version="1.0" encoding="UTF-8"?>
<!-- Generated by org.testng.reporters.JUnitXMLReporter -->
<testsuite ignored="0" hostname="MacBookAir.mshome.net" failures="0" tests="3" name="Test-2" time="23.192" errors="0" timestamp="2026-02-24T14:35:41 IST">
  <testcase classname="com.comcast.crm.contacttest.pom.CreateContactTest" name="createContactWithOrgTest" time="4.862"/>
  <testcase classname="com.comcast.crm.contacttest.pom.CreateContactTest" name="createContactWithsupportDateTest" time="2.99"/>
  <testcase classname="com.comcast.crm.contacttest.pom.CreateContactTest" name="createOrganiztaionTest" time="4.854"/>
</testsuite> <!-- Test-2 -->
