<?xml version="1.0" encoding="UTF-8"?>
<!-- Generated by org.testng.reporters.JUnitXMLReporter -->
<testsuite ignored="2" hostname="MacBookAir.mshome.net" failures="0" tests="6" name="TestRunner-Firefox" time="40.774" errors="0" timestamp="2026-02-24T15:17:10 IST">
  <testcase classname="com.comcast.crm.contacttest.pom.CreateContactTest" name="createContactWithOrgTest" time="7.189"/>
  <testcase classname="com.comcast.crm.contacttest.pom.CreateContactTest" name="createContactWithsupportDateTest" time="3.967"/>
  <testcase classname="com.comcast.crm.contacttest.pom.CreateContactTest" name="createOrganiztaionTest" time="3.132"/>
  <testcase classname="com.comcast.crm.orgtest.pom.CreateOrganizationTest" name="CreateOrgwithPhoneNumber1Test" time="7.131"/>
  <testcase classname="com.comcast.crm.orgtest.pom.CreateOrganizationTest" name="createOrganizationWithIndustryTest" time="4.572"/>
  <testcase classname="com.comcast.crm.orgtest.pom.CreateOrganizationTest" name="createOrganiztaionTest" time="3.137"/>
  <testcase classname="com.comcast.crm.basetest.BaseClass" name="@AfterSuite configAS" time="0.0">
    <ignored/>
  </testcase> <!-- @AfterSuite configAS -->
  <testcase classname="com.comcast.crm.basetest.BaseClass" name="@BeforeSuite configBS" time="0.0">
    <ignored/>
  </testcase> <!-- @BeforeSuite configBS -->
</testsuite> <!-- TestRunner-Firefox -->
