<?xml version="1.0" encoding="UTF-8"?>
<!-- Generated by org.testng.reporters.JUnitXMLReporter -->
<testsuite ignored="0" hostname="MacBookAir.mshome.net" failures="0" tests="3" name="Test-1" time="20.932" errors="0" timestamp="2026-02-24T14:35:39 IST">
  <testcase classname="com.comcast.crm.orgtest.pom.CreateOrganizationTest" name="CreateOrgwithPhoneNumber1Test" time="4.02"/>
  <testcase classname="com.comcast.crm.orgtest.pom.CreateOrganizationTest" name="createOrganizationWithIndustryTest" time="4.425"/>
  <testcase classname="com.comcast.crm.orgtest.pom.CreateOrganizationTest" name="createOrganiztaionTest" time="4.125"/>
</testsuite> <!-- Test-1 -->
