<?xml version="1.0" encoding="UTF-8"?>
<!-- Generated by org.testng.reporters.JUnitReportReporter -->
<testsuite hostname="MacBookAir.mshome.net" failures="0" tests="1" name="com.comcast.crm.contacttest.CreateContactWithOrgTest" time="78.855" errors="0" timestamp="2026-02-21T15:37:22 IST" skipped="0">
  <testcase classname="com.comcast.crm.contacttest.CreateContactWithOrgTest" name="createOrganiztaionTest" time="78.855"/>
</testsuite> <!-- com.comcast.crm.contacttest.CreateContactWithOrgTest -->
