<?xml version="1.0" encoding="UTF-8"?>
<!-- Generated by org.testng.reporters.JUnitReportReporter -->
<testsuite hostname="MacBookAir.mshome.net" failures="0" tests="1" name="com.comcast.crm.orgtest.CreateOrg_with_PhoneNumber_Test" time="90.956" errors="0" timestamp="2026-02-14T10:20:16 IST" skipped="0">
  <testcase classname="com.comcast.crm.orgtest.CreateOrg_with_PhoneNumber_Test" name="createOrganiztaionTest" time="90.956"/>
</testsuite> <!-- com.comcast.crm.orgtest.CreateOrg_with_PhoneNumber_Test -->
