<?xml version="1.0" encoding="UTF-8"?>
<!-- Generated by org.testng.reporters.JUnitReportReporter -->
<testsuite hostname="MacBookAir.mshome.net" failures="0" tests="1" name="com.comcast.crm.contacttest.CreateContact_With_OrgTest" time="82.091" errors="0" timestamp="2026-02-16T15:04:00 IST" skipped="0">
  <testcase classname="com.comcast.crm.contacttest.CreateContact_With_OrgTest" name="createOrganiztaionTest" time="82.091"/>
</testsuite> <!-- com.comcast.crm.contacttest.CreateContact_With_OrgTest -->
